*** GOWIN Tcl Command Line Console  *** 
current device: GW2AR-18C  GW2AR-LV18QN88C8/I7
add new file: "../rtl/tangamp_passthrough.v"
add new file: "../rtl/clk_audio_gen.v"
add new file: "../rtl/clk_audio_pll.v"
add new file: "../rtl/i2s_rx.v"
add new file: "../rtl/i2s_tx.v"
add new file: "tangnano20k.cst"
add new file: "blink.sdc"
GowinSynthesis start
Running parser ...
Analyzing Verilog file 'C:\Users\zombo\Desktop\Programming\tangAmp\rtl\tangamp_passthrough.v'
Analyzing Verilog file 'C:\Users\zombo\Desktop\Programming\tangAmp\rtl\clk_audio_gen.v'
Analyzing Verilog file 'C:\Users\zombo\Desktop\Programming\tangAmp\rtl\clk_audio_pll.v'
Analyzing Verilog file 'C:\Users\zombo\Desktop\Programming\tangAmp\rtl\i2s_rx.v'
Analyzing Verilog file 'C:\Users\zombo\Desktop\Programming\tangAmp\rtl\i2s_tx.v'
Compiling module 'tangamp_passthrough'("C:\Users\zombo\Desktop\Programming\tangAmp\rtl\tangamp_passthrough.v":11)
WARN  (EX3791) : Expression size 11 truncated to fit in target size 10("C:\Users\zombo\Desktop\Programming\tangAmp\rtl\tangamp_passthrough.v":50)
Compiling module 'clk_audio_pll'("C:\Users\zombo\Desktop\Programming\tangAmp\rtl\clk_audio_pll.v":29)
Compiling module 'i2s_rx'("C:\Users\zombo\Desktop\Programming\tangAmp\rtl\i2s_rx.v":13)
Compiling module 'i2s_tx'("C:\Users\zombo\Desktop\Programming\tangAmp\rtl\i2s_tx.v":13)
WARN  (EX3791) : Expression size 26 truncated to fit in target size 25("C:\Users\zombo\Desktop\Programming\tangAmp\rtl\tangamp_passthrough.v":112)
WARN  (EX3791) : Expression size 21 truncated to fit in target size 20("C:\Users\zombo\Desktop\Programming\tangAmp\rtl\tangamp_passthrough.v":128)
NOTE  (EX0101) : Current top module is "tangamp_passthrough"
[5%] Running netlist conversion ...
WARN  (CV0016) : Input btn_s1 is unused("C:\Users\zombo\Desktop\Programming\tangAmp\rtl\tangamp_passthrough.v":13)
WARN  (CV0016) : Input btn_s2 is unused("C:\Users\zombo\Desktop\Programming\tangAmp\rtl\tangamp_passthrough.v":14)
WARN  (CV0016) : Input sd_dat0 is unused("C:\Users\zombo\Desktop\Programming\tangAmp\rtl\tangamp_passthrough.v":28)
Running device independent optimization ...
[10%] Optimizing Phase 0 completed
[15%] Optimizing Phase 1 completed
[25%] Optimizing Phase 2 completed
Running inference ...
[30%] Inferring Phase 0 completed
[40%] Inferring Phase 1 completed
[50%] Inferring Phase 2 completed
[55%] Inferring Phase 3 completed
Running technical mapping ...
[60%] Tech-Mapping Phase 0 completed
[65%] Tech-Mapping Phase 1 completed
[75%] Tech-Mapping Phase 2 completed
[80%] Tech-Mapping Phase 3 completed
[90%] Tech-Mapping Phase 4 completed
[95%] Generate netlist file "C:\Users\zombo\Desktop\Programming\tangAmp\fpga\impl\gwsynthesis\project.vg" completed
[100%] Generate report file "C:\Users\zombo\Desktop\Programming\tangAmp\fpga\impl\gwsynthesis\project_syn.rpt.html" completed
GowinSynthesis finish
Reading netlist file: "C:\Users\zombo\Desktop\Programming\tangAmp\fpga\impl\gwsynthesis\project.vg"
Parsing netlist file "C:\Users\zombo\Desktop\Programming\tangAmp\fpga\impl\gwsynthesis\project.vg" completed
Processing netlist completed
Reading constraint file: "C:\Users\zombo\Desktop\Programming\tangAmp\fpga\tangnano20k.cst"
Physical Constraint parsed completed
Running placement......
[10%] Placement Phase 0 completed
[20%] Placement Phase 1 completed
[30%] Placement Phase 2 completed
[50%] Placement Phase 3 completed
Running routing......
[60%] Routing Phase 0 completed
[70%] Routing Phase 1 completed
[80%] Routing Phase 2 completed
WARN  (PR1014) : Generic routing resource will be used to clock signal 'clk_27m_d' by the specified constraint. And then it may lead to the excessive delay or skew
[90%] Routing Phase 3 completed
Running timing analysis......
[95%] Timing analysis completed
Placement and routing completed
Bitstream generation in progress......
Bitstream generation completed
Running power analysis......
[100%] Power analysis completed
Generate file "C:\Users\zombo\Desktop\Programming\tangAmp\fpga\impl\pnr\project.power.html" completed
Generate file "C:\Users\zombo\Desktop\Programming\tangAmp\fpga\impl\pnr\project.pin.html" completed
Generate file "C:\Users\zombo\Desktop\Programming\tangAmp\fpga\impl\pnr\project.rpt.html" completed
Generate file "C:\Users\zombo\Desktop\Programming\tangAmp\fpga\impl\pnr\project.rpt.txt" completed
Generate file "C:\Users\zombo\Desktop\Programming\tangAmp\fpga\impl\pnr\project.tr.html" completed
Sat Apr 25 13:27:21 2026

