Reading netlist file: "C:\Users\zombo\Desktop\Programming\tangAmp\fpga\impl\gwsynthesis\project.vg"
Parsing netlist file "C:\Users\zombo\Desktop\Programming\tangAmp\fpga\impl\gwsynthesis\project.vg" completed
Processing netlist completed
Reading constraint file: "C:\Users\zombo\Desktop\Programming\tangAmp\fpga\tangnano20k.cst"
Physical Constraint parsed completed
Running placement......
[10%] Placement Phase 0 completed
[20%] Placement Phase 1 completed
[30%] Placement Phase 2 completed
WARN  (TA1132) :  'clk_27m' was determined to be a clock but was not created.
[50%] Placement Phase 3 completed
Running routing......
[60%] Routing Phase 0 completed
[70%] Routing Phase 1 completed
[80%] Routing Phase 2 completed
WARN  (PR1014) : Generic routing resource will be used to clock signal 'clk_27m_d' by the specified constraint. And then it may lead to the excessive delay or skew
[90%] Routing Phase 3 completed
Running timing analysis......
[95%] Timing analysis completed
Placement and routing completed
Bitstream generation in progress......
Bitstream generation completed
Running power analysis......
[100%] Power analysis completed
Generate file "C:\Users\zombo\Desktop\Programming\tangAmp\fpga\impl\pnr\project.power.html" completed
Generate file "C:\Users\zombo\Desktop\Programming\tangAmp\fpga\impl\pnr\project.pin.html" completed
Generate file "C:\Users\zombo\Desktop\Programming\tangAmp\fpga\impl\pnr\project.rpt.html" completed
Generate file "C:\Users\zombo\Desktop\Programming\tangAmp\fpga\impl\pnr\project.rpt.txt" completed
Generate file "C:\Users\zombo\Desktop\Programming\tangAmp\fpga\impl\pnr\project.tr.html" completed
Fri Mar 27 23:09:18 2026

