GowinSynthesis start
Running parser ...
Analyzing Verilog file 'C:\Users\zombo\Desktop\Programming\tangAmp\fpga\tangamp_selftest.v'
Analyzing Verilog file 'C:\Users\zombo\Desktop\Programming\tangAmp\wdf_triode_wdf.v'
Compiling module 'tangamp_selftest'("C:\Users\zombo\Desktop\Programming\tangAmp\fpga\tangamp_selftest.v":17)
Extracting RAM for identifier 'sine_table'("C:\Users\zombo\Desktop\Programming\tangAmp\fpga\tangamp_selftest.v":53)
WARN  (EX3791) : Expression size 11 truncated to fit in target size 10("C:\Users\zombo\Desktop\Programming\tangAmp\fpga\tangamp_selftest.v":46)
WARN  (EX3791) : Expression size 17 truncated to fit in target size 16("C:\Users\zombo\Desktop\Programming\tangAmp\fpga\tangamp_selftest.v":73)
WARN  (EX3791) : Expression size 8 truncated to fit in target size 7("C:\Users\zombo\Desktop\Programming\tangAmp\fpga\tangamp_selftest.v":76)
Compiling module 'wdf_triode_wdf'("C:\Users\zombo\Desktop\Programming\tangAmp\wdf_triode_wdf.v":19)
Extracting RAM for identifier 'ip_lut'("C:\Users\zombo\Desktop\Programming\tangAmp\wdf_triode_wdf.v":82)
Extracting RAM for identifier 'dip_vgk_lut'("C:\Users\zombo\Desktop\Programming\tangAmp\wdf_triode_wdf.v":83)
Extracting RAM for identifier 'dip_vpk_lut'("C:\Users\zombo\Desktop\Programming\tangAmp\wdf_triode_wdf.v":84)
WARN  (EX3791) : Expression size 64 truncated to fit in target size 8("C:\Users\zombo\Desktop\Programming\tangAmp\wdf_triode_wdf.v":103)
WARN  (EX3791) : Expression size 64 truncated to fit in target size 8("C:\Users\zombo\Desktop\Programming\tangAmp\wdf_triode_wdf.v":114)
WARN  (EX3791) : Expression size 64 truncated to fit in target size 32("C:\Users\zombo\Desktop\Programming\tangAmp\wdf_triode_wdf.v":308)
WARN  (EX3791) : Expression size 48 truncated to fit in target size 32("C:\Users\zombo\Desktop\Programming\tangAmp\wdf_triode_wdf.v":316)
WARN  (EX3791) : Expression size 17 truncated to fit in target size 16("C:\Users\zombo\Desktop\Programming\tangAmp\wdf_triode_wdf.v":360)
WARN  (EX3791) : Expression size 26 truncated to fit in target size 25("C:\Users\zombo\Desktop\Programming\tangAmp\fpga\tangamp_selftest.v":123)
NOTE  (EX0101) : Current top module is "tangamp_selftest"
[5%] Running netlist conversion ...
Running device independent optimization ...
[10%] Optimizing Phase 0 completed
[15%] Optimizing Phase 1 completed
[25%] Optimizing Phase 2 completed
Running inference ...
[30%] Inferring Phase 0 completed
[40%] Inferring Phase 1 completed
[50%] Inferring Phase 2 completed
[55%] Inferring Phase 3 completed
Running technical mapping ...
[60%] Tech-Mapping Phase 0 completed
[65%] Tech-Mapping Phase 1 completed
[75%] Tech-Mapping Phase 2 completed
[80%] Tech-Mapping Phase 3 completed
[90%] Tech-Mapping Phase 4 completed
[95%] Generate netlist file "C:\Users\zombo\Desktop\Programming\tangAmp\fpga\impl\gwsynthesis\project.vg" completed
[100%] Generate report file "C:\Users\zombo\Desktop\Programming\tangAmp\fpga\impl\gwsynthesis\project_syn.rpt.html" completed
GowinSynthesis finish
